<?xml version="1.0" encoding="UTF-8"?>
<testng-results skipped="0" failed="0" ignored="0" total="1" passed="1">
  <reporter-output>
  </reporter-output>
  <suite name="Suite" duration-ms="18388" started-at="2019-12-29T21:44:58 IST" finished-at="2019-12-29T21:45:16 IST">
    <groups>
    </groups>
    <test name="TestChrome" duration-ms="18388" started-at="2019-12-29T21:44:58 IST" finished-at="2019-12-29T21:45:16 IST">
      <class name="dockerDemo.FFDemo">
        <test-method status="PASS" signature="test()[pri:0, instance:dockerDemo.FFDemo@51cdd8a]" name="test" duration-ms="18337" started-at="2019-12-29T21:44:58 IST" finished-at="2019-12-29T21:45:16 IST">
          <reporter-output>
          </reporter-output>
        </test-method> <!-- test -->
      </class> <!-- dockerDemo.FFDemo -->
    </test> <!-- TestChrome -->
  </suite> <!-- Suite -->
</testng-results>
